<?xml version="1.0" encoding="UTF-8"?><testsuite errors="0" failures="0" name="com.virgingames.virgingamesinfo.VirginGamesGETTestWithSteps" skipped="0" tests="3" time="2.93" timestamp="2023-06-17T21:57:51.913+01:00[Europe/London]"><testcase classname="com.virgingames.virgingamesinfo.VirginGamesGETTestWithSteps" name="get the all JACKPOTS GBP"/><testcase classname="com.virgingames.virgingamesinfo.VirginGamesGETTestWithSteps" name="get the all Jackpots EUR"/><testcase classname="com.virgingames.virgingamesinfo.VirginGamesGETTestWithSteps" name="get the all Jackpots SEK"/></testsuite>